{"total": {"lines":{"total":42,"covered":40,"skipped":0,"pct":95.23},"statements":{"total":43,"covered":41,"skipped":0,"pct":95.34},"functions":{"total":2,"covered":2,"skipped":0,"pct":100},"branches":{"total":32,"covered":30,"skipped":0,"pct":93.75},"branchesTrue":{"total":0,"covered":0,"skipped":0,"pct":"Unknown"}}
,"/media/project/Curasea-Carbon/src/command/args.ts": {"lines":{"total":42,"covered":40,"skipped":0,"pct":95.23},"functions":{"total":2,"covered":2,"skipped":0,"pct":100},"statements":{"total":43,"covered":41,"skipped":0,"pct":95.34},"branches":{"total":32,"covered":30,"skipped":0,"pct":93.75}}
}
